android/app/build/intermediates/manifest_merge_blame_file/debug/manifest-merger-blame-debug-report.txt
1<?xml version="1.0" encoding="utf-8"?>
2<manifest xmlns:android="http://schemas.android.com/apk/res/android"
3    package="com.main"
4    android:versionCode="1"
5    android:versionName="1.0" >
6
7    <uses-sdk
8        android:minSdkVersion="21"
9        android:targetSdkVersion="29" />
10
11    <uses-permission android:name="android.permission.SYSTEM_ALERT_WINDOW" />
11-->src\debug\AndroidManifest.xml:5:5-77
11-->src\debug\AndroidManifest.xml:5:22-75
12    <uses-permission android:name="android.permission.INTERNET" />
12-->src\main\AndroidManifest.xml:4:5-67
12-->src\main\AndroidManifest.xml:4:22-64
13    <uses-permission android:name="android.permission.CAMERA" />
13-->src\main\AndroidManifest.xml:5:1-61
13-->src\main\AndroidManifest.xml:5:18-58
14    <uses-permission android:name="android.permission.ACCESS_WIFI_STATE" />
14-->[com.facebook.flipper:flipper:0.75.1] AndroidManifest.xml:16:5-76
14-->[com.facebook.flipper:flipper:0.75.1] AndroidManifest.xml:16:22-73
15    <uses-permission android:name="android.permission.WAKE_LOCK" />
15-->[:react-native-firebase_auth] AndroidManifest.xml:12:5-68
15-->[:react-native-firebase_auth] AndroidManifest.xml:12:22-65
16    <uses-permission android:name="android.permission.ACCESS_NETWORK_STATE" /> <!-- TODO(salakar) Not sure if this should be part of the package manifest or leave to users app manifest code? -->
16-->[:react-native-firebase_auth] AndroidManifest.xml:13:5-79
16-->[:react-native-firebase_auth] AndroidManifest.xml:13:22-76
17    <uses-permission android:name="android.permission.READ_EXTERNAL_STORAGE" />
17-->[:react-native-firebase_storage] AndroidManifest.xml:15:5-80
17-->[:react-native-firebase_storage] AndroidManifest.xml:15:22-77
18    <uses-permission android:name="android.permission.WRITE_EXTERNAL_STORAGE" />
18-->[:react-native-firebase_storage] AndroidManifest.xml:16:5-81
18-->[:react-native-firebase_storage] AndroidManifest.xml:16:22-78
19
20    <uses-feature
20-->[:react-native-camera] AndroidManifest.xml:11:5-13:36
21        android:name="android.hardware.camera"
21-->[:react-native-camera] AndroidManifest.xml:12:9-47
22        android:required="false" />
22-->[:react-native-camera] AndroidManifest.xml:13:9-33
23    <uses-feature
23-->[:react-native-camera] AndroidManifest.xml:14:5-16:36
24        android:name="android.hardware.camera.autofocus"
24-->[:react-native-camera] AndroidManifest.xml:15:9-57
25        android:required="false" />
25-->[:react-native-camera] AndroidManifest.xml:16:9-33
26
27    <queries>
27-->[:react-native-image-crop-picker] AndroidManifest.xml:10:5-14:15
28        <intent>
28-->[:react-native-image-crop-picker] AndroidManifest.xml:11:9-13:18
29            <action android:name="android.media.action.IMAGE_CAPTURE" />
29-->[:react-native-image-crop-picker] AndroidManifest.xml:12:13-73
29-->[:react-native-image-crop-picker] AndroidManifest.xml:12:21-70
30        </intent>
31    </queries>
32
33    <uses-permission android:name="com.google.android.finsky.permission.BIND_GET_INSTALL_REFERRER_SERVICE" />
33-->[com.google.android.gms:play-services-measurement:18.0.2] AndroidManifest.xml:26:5-110
33-->[com.google.android.gms:play-services-measurement:18.0.2] AndroidManifest.xml:26:22-107
34
35    <application
35-->src\main\AndroidManifest.xml:7:5-28:19
36        android:name="com.main.MainApplication"
36-->src\main\AndroidManifest.xml:9:7-38
37        android:allowBackup="false"
37-->src\main\AndroidManifest.xml:13:7-34
38        android:appComponentFactory="androidx.core.app.CoreComponentFactory"
38-->[androidx.core:core:1.3.0] AndroidManifest.xml:24:18-86
39        android:debuggable="true"
40        android:icon="@mipmap/ic_launcher"
40-->src\main\AndroidManifest.xml:11:7-41
41        android:label="@string/app_name"
41-->src\main\AndroidManifest.xml:10:7-39
42        android:roundIcon="@mipmap/ic_launcher_round"
42-->src\main\AndroidManifest.xml:12:7-52
43        android:supportsRtl="true"
43-->[com.facebook.android:facebook-android-sdk:8.2.0] AndroidManifest.xml:28:18-44
44        android:theme="@style/AppTheme"
44-->src\main\AndroidManifest.xml:14:7-38
45        android:usesCleartextTraffic="true" >
45-->src\debug\AndroidManifest.xml:8:9-44
46        <activity android:name="com.facebook.react.devsupport.DevSettingsActivity" />
46-->src\debug\AndroidManifest.xml:11:9-86
46-->src\debug\AndroidManifest.xml:11:19-83
47        <activity
47-->src\main\AndroidManifest.xml:15:7-25:18
48            android:name="com.main.MainActivity"
48-->src\main\AndroidManifest.xml:16:9-37
49            android:configChanges="keyboard|keyboardHidden|orientation|screenSize|uiMode"
49-->src\main\AndroidManifest.xml:18:9-86
50            android:label="@string/app_name"
50-->src\main\AndroidManifest.xml:17:9-41
51            android:launchMode="singleTask"
51-->src\main\AndroidManifest.xml:19:9-40
52            android:windowSoftInputMode="adjustResize" >
52-->src\main\AndroidManifest.xml:20:9-51
53            <intent-filter>
53-->src\main\AndroidManifest.xml:21:9-24:25
54                <action android:name="android.intent.action.MAIN" />
54-->src\main\AndroidManifest.xml:22:13-65
54-->src\main\AndroidManifest.xml:22:21-62
55
56                <category android:name="android.intent.category.LAUNCHER" />
56-->src\main\AndroidManifest.xml:23:13-73
56-->src\main\AndroidManifest.xml:23:23-70
57            </intent-filter>
58        </activity>
59
60        <meta-data
60-->src\main\AndroidManifest.xml:26:7-105
61            android:name="com.facebook.sdk.ApplicationId"
61-->src\main\AndroidManifest.xml:26:18-63
62            android:value="@string/facebook_app_id" />
62-->src\main\AndroidManifest.xml:26:64-103
63
64        <activity
64-->src\main\AndroidManifest.xml:26:106-281
65            android:name="com.facebook.FacebookActivity"
65-->src\main\AndroidManifest.xml:26:116-160
66            android:configChanges="keyboard|keyboardHidden|screenLayout|screenSize|orientation"
66-->src\main\AndroidManifest.xml:26:161-245
67            android:label="@string/app_name"
67-->src\main\AndroidManifest.xml:26:246-278
68            android:theme="@style/com_facebook_activity_theme" />
68-->[com.facebook.android:facebook-common:8.2.0] AndroidManifest.xml:33:13-63
69        <activity
69-->src\main\AndroidManifest.xml:26:282-641
70            android:name="com.facebook.CustomTabActivity"
70-->src\main\AndroidManifest.xml:26:292-337
71            android:exported="true" >
71-->src\main\AndroidManifest.xml:26:338-361
72            <intent-filter>
72-->src\main\AndroidManifest.xml:26:363-629
73                <action android:name="android.intent.action.VIEW" />
73-->src\main\AndroidManifest.xml:26:379-431
73-->src\main\AndroidManifest.xml:26:387-428
74
75                <category android:name="android.intent.category.DEFAULT" />
75-->src\main\AndroidManifest.xml:26:432-491
75-->src\main\AndroidManifest.xml:26:442-488
76                <category android:name="android.intent.category.BROWSABLE" />
76-->src\main\AndroidManifest.xml:26:492-553
76-->src\main\AndroidManifest.xml:26:502-550
77
78                <data android:scheme="@string/fb_login_protocol_scheme" />
78-->src\main\AndroidManifest.xml:26:554-612
78-->src\main\AndroidManifest.xml:26:560-609
79            </intent-filter>
80            <intent-filter>
80-->[com.facebook.android:facebook-common:8.2.0] AndroidManifest.xml:39:13-48:29
81                <action android:name="android.intent.action.VIEW" />
81-->src\main\AndroidManifest.xml:26:379-431
81-->src\main\AndroidManifest.xml:26:387-428
82
83                <category android:name="android.intent.category.DEFAULT" />
83-->src\main\AndroidManifest.xml:26:432-491
83-->src\main\AndroidManifest.xml:26:442-488
84                <category android:name="android.intent.category.BROWSABLE" />
84-->src\main\AndroidManifest.xml:26:492-553
84-->src\main\AndroidManifest.xml:26:502-550
85
86                <data
86-->src\main\AndroidManifest.xml:26:554-612
87                    android:host="cct.com.main"
88                    android:scheme="fbconnect" />
88-->src\main\AndroidManifest.xml:26:560-609
89            </intent-filter>
90        </activity>
91
92        <provider
92-->[:react-native-image-crop-picker] AndroidManifest.xml:19:9-27:20
93            android:name="androidx.core.content.FileProvider"
93-->[:react-native-image-crop-picker] AndroidManifest.xml:20:13-62
94            android:authorities="com.main.provider"
94-->[:react-native-image-crop-picker] AndroidManifest.xml:21:13-60
95            android:exported="false"
95-->[:react-native-image-crop-picker] AndroidManifest.xml:22:13-37
96            android:grantUriPermissions="true" >
96-->[:react-native-image-crop-picker] AndroidManifest.xml:23:13-47
97            <meta-data
97-->[:react-native-image-crop-picker] AndroidManifest.xml:24:13-26:58
98                android:name="android.support.FILE_PROVIDER_PATHS"
98-->[:react-native-image-crop-picker] AndroidManifest.xml:25:17-67
99                android:resource="@xml/provider_paths" />
99-->[:react-native-image-crop-picker] AndroidManifest.xml:26:17-55
100        </provider>
101
102        <activity
102-->[:react-native-image-crop-picker] AndroidManifest.xml:29:9-31:72
103            android:name="com.yalantis.ucrop.UCropActivity"
103-->[:react-native-image-crop-picker] AndroidManifest.xml:30:13-60
104            android:theme="@style/Theme.AppCompat.Light.NoActionBar" />
104-->[:react-native-image-crop-picker] AndroidManifest.xml:31:13-69
105        <activity android:name="com.facebook.CustomTabMainActivity" />
105-->[com.facebook.android:facebook-common:8.2.0] AndroidManifest.xml:34:9-71
105-->[com.facebook.android:facebook-common:8.2.0] AndroidManifest.xml:34:19-68
106        <activity
106-->[com.google.firebase:firebase-auth:20.0.3] AndroidManifest.xml:27:9-44:20
107            android:name="com.google.firebase.auth.internal.GenericIdpActivity"
107-->[com.google.firebase:firebase-auth:20.0.3] AndroidManifest.xml:28:13-80
108            android:excludeFromRecents="true"
108-->[com.google.firebase:firebase-auth:20.0.3] AndroidManifest.xml:29:13-46
109            android:exported="true"
109-->[com.google.firebase:firebase-auth:20.0.3] AndroidManifest.xml:30:13-36
110            android:launchMode="singleTask"
110-->[com.google.firebase:firebase-auth:20.0.3] AndroidManifest.xml:31:13-44
111            android:theme="@android:style/Theme.Translucent.NoTitleBar" >
111-->[com.google.firebase:firebase-auth:20.0.3] AndroidManifest.xml:32:13-72
112            <intent-filter>
112-->[com.google.firebase:firebase-auth:20.0.3] AndroidManifest.xml:33:13-43:29
113                <action android:name="android.intent.action.VIEW" />
113-->src\main\AndroidManifest.xml:26:379-431
113-->src\main\AndroidManifest.xml:26:387-428
114
115                <category android:name="android.intent.category.DEFAULT" />
115-->src\main\AndroidManifest.xml:26:432-491
115-->src\main\AndroidManifest.xml:26:442-488
116                <category android:name="android.intent.category.BROWSABLE" />
116-->src\main\AndroidManifest.xml:26:492-553
116-->src\main\AndroidManifest.xml:26:502-550
117
118                <data
118-->src\main\AndroidManifest.xml:26:554-612
119                    android:host="firebase.auth"
120                    android:path="/"
121                    android:scheme="genericidp" />
121-->src\main\AndroidManifest.xml:26:560-609
122            </intent-filter>
123        </activity>
124        <activity
124-->[com.google.firebase:firebase-auth:20.0.3] AndroidManifest.xml:45:9-62:20
125            android:name="com.google.firebase.auth.internal.RecaptchaActivity"
125-->[com.google.firebase:firebase-auth:20.0.3] AndroidManifest.xml:46:13-79
126            android:excludeFromRecents="true"
126-->[com.google.firebase:firebase-auth:20.0.3] AndroidManifest.xml:47:13-46
127            android:exported="true"
127-->[com.google.firebase:firebase-auth:20.0.3] AndroidManifest.xml:48:13-36
128            android:launchMode="singleTask"
128-->[com.google.firebase:firebase-auth:20.0.3] AndroidManifest.xml:49:13-44
129            android:theme="@android:style/Theme.Translucent.NoTitleBar" >
129-->[com.google.firebase:firebase-auth:20.0.3] AndroidManifest.xml:50:13-72
130            <intent-filter>
130-->[com.google.firebase:firebase-auth:20.0.3] AndroidManifest.xml:51:13-61:29
131                <action android:name="android.intent.action.VIEW" />
131-->src\main\AndroidManifest.xml:26:379-431
131-->src\main\AndroidManifest.xml:26:387-428
132
133                <category android:name="android.intent.category.DEFAULT" />
133-->src\main\AndroidManifest.xml:26:432-491
133-->src\main\AndroidManifest.xml:26:442-488
134                <category android:name="android.intent.category.BROWSABLE" />
134-->src\main\AndroidManifest.xml:26:492-553
134-->src\main\AndroidManifest.xml:26:502-550
135
136                <data
136-->src\main\AndroidManifest.xml:26:554-612
137                    android:host="firebase.auth"
138                    android:path="/"
139                    android:scheme="recaptcha" />
139-->src\main\AndroidManifest.xml:26:560-609
140            </intent-filter>
141        </activity>
142
143        <service
143-->[com.google.firebase:firebase-auth:20.0.3] AndroidManifest.xml:64:9-73:19
144            android:name="com.google.firebase.auth.api.fallback.service.FirebaseAuthFallbackService"
144-->[com.google.firebase:firebase-auth:20.0.3] AndroidManifest.xml:65:13-101
145            android:enabled="true"
145-->[com.google.firebase:firebase-auth:20.0.3] AndroidManifest.xml:66:13-35
146            android:exported="false" >
146-->[com.google.firebase:firebase-auth:20.0.3] AndroidManifest.xml:67:13-37
147            <intent-filter>
147-->[com.google.firebase:firebase-auth:20.0.3] AndroidManifest.xml:68:13-72:29
148                <action android:name="com.google.firebase.auth.api.gms.service.START" />
148-->[com.google.firebase:firebase-auth:20.0.3] AndroidManifest.xml:69:17-89
148-->[com.google.firebase:firebase-auth:20.0.3] AndroidManifest.xml:69:25-86
149
150                <category android:name="android.intent.category.DEFAULT" />
150-->src\main\AndroidManifest.xml:26:432-491
150-->src\main\AndroidManifest.xml:26:442-488
151            </intent-filter>
152        </service>
153        <service
153-->[com.google.firebase:firebase-auth:20.0.3] AndroidManifest.xml:74:9-80:19
154            android:name="com.google.firebase.components.ComponentDiscoveryService"
154-->[com.google.firebase:firebase-auth:20.0.3] AndroidManifest.xml:75:13-84
155            android:directBootAware="true"
155-->[com.google.firebase:firebase-common:19.5.0] AndroidManifest.xml:35:13-43
156            android:exported="false" >
156-->[com.google.firebase:firebase-auth:20.0.3] AndroidManifest.xml:76:13-37
157            <meta-data
157-->[com.google.firebase:firebase-auth:20.0.3] AndroidManifest.xml:77:13-79:85
158                android:name="com.google.firebase.components:com.google.firebase.auth.FirebaseAuthRegistrar"
158-->[com.google.firebase:firebase-auth:20.0.3] AndroidManifest.xml:78:17-109
159                android:value="com.google.firebase.components.ComponentRegistrar" />
159-->[com.google.firebase:firebase-auth:20.0.3] AndroidManifest.xml:79:17-82
160            <meta-data
160-->[com.google.firebase:firebase-firestore:22.1.2] AndroidManifest.xml:20:13-22:85
161                android:name="com.google.firebase.components:com.google.firebase.firestore.FirestoreRegistrar"
161-->[com.google.firebase:firebase-firestore:22.1.2] AndroidManifest.xml:21:17-111
162                android:value="com.google.firebase.components.ComponentRegistrar" />
162-->[com.google.firebase:firebase-firestore:22.1.2] AndroidManifest.xml:22:17-82
163            <meta-data
163-->[com.google.firebase:firebase-storage:19.2.2] AndroidManifest.xml:33:13-35:85
164                android:name="com.google.firebase.components:com.google.firebase.storage.StorageRegistrar"
164-->[com.google.firebase:firebase-storage:19.2.2] AndroidManifest.xml:34:17-107
165                android:value="com.google.firebase.components.ComponentRegistrar" />
165-->[com.google.firebase:firebase-storage:19.2.2] AndroidManifest.xml:35:17-82
166            <meta-data
166-->[com.google.android.gms:play-services-measurement-api:18.0.2] AndroidManifest.xml:30:13-32:85
167                android:name="com.google.firebase.components:com.google.firebase.analytics.connector.internal.AnalyticsConnectorRegistrar"
167-->[com.google.android.gms:play-services-measurement-api:18.0.2] AndroidManifest.xml:31:17-139
168                android:value="com.google.firebase.components.ComponentRegistrar" />
168-->[com.google.android.gms:play-services-measurement-api:18.0.2] AndroidManifest.xml:32:17-82
169            <meta-data
169-->[com.google.firebase:firebase-installations:16.3.5] AndroidManifest.xml:18:13-20:85
170                android:name="com.google.firebase.components:com.google.firebase.installations.FirebaseInstallationsRegistrar"
170-->[com.google.firebase:firebase-installations:16.3.5] AndroidManifest.xml:19:17-127
171                android:value="com.google.firebase.components.ComponentRegistrar" />
171-->[com.google.firebase:firebase-installations:16.3.5] AndroidManifest.xml:20:17-82
172            <!--
173                This registrar is not defined in the dynamic-module-support sdk itself to allow non-firebase
174                clients to use it as well, by defining this registrar in their own core/common library.
175            -->
176            <meta-data
176-->[com.google.firebase:firebase-common:19.5.0] AndroidManifest.xml:43:13-45:85
177                android:name="com.google.firebase.components:com.google.firebase.dynamicloading.DynamicLoadingRegistrar"
177-->[com.google.firebase:firebase-common:19.5.0] AndroidManifest.xml:44:17-121
178                android:value="com.google.firebase.components.ComponentRegistrar" />
178-->[com.google.firebase:firebase-common:19.5.0] AndroidManifest.xml:45:17-82
179        </service>
180
181        <provider
181-->[com.google.firebase:firebase-common:19.5.0] AndroidManifest.xml:26:9-31:39
182            android:name="com.google.firebase.provider.FirebaseInitProvider"
182-->[com.google.firebase:firebase-common:19.5.0] AndroidManifest.xml:27:13-77
183            android:authorities="com.main.firebaseinitprovider"
183-->[com.google.firebase:firebase-common:19.5.0] AndroidManifest.xml:28:13-72
184            android:directBootAware="true"
184-->[com.google.firebase:firebase-common:19.5.0] AndroidManifest.xml:29:13-43
185            android:exported="false"
185-->[com.google.firebase:firebase-common:19.5.0] AndroidManifest.xml:30:13-37
186            android:initOrder="100" />
186-->[com.google.firebase:firebase-common:19.5.0] AndroidManifest.xml:31:13-36
187        <!--
188         The initialization ContentProvider will call FacebookSdk.sdkInitialize automatically
189         with the application context. This config is merged in with the host app's manifest,
190         but there can only be one provider with the same authority activated at any given
191         point; so if the end user has two or more different apps that use Facebook SDK, only the
192         first one will be able to use the provider. To work around this problem, we use the
193         following placeholder in the authority to identify each host application as if it was
194         a completely different provider.
195        -->
196        <provider
196-->[com.facebook.android:facebook-core:8.2.0] AndroidManifest.xml:39:9-42:40
197            android:name="com.facebook.internal.FacebookInitProvider"
197-->[com.facebook.android:facebook-core:8.2.0] AndroidManifest.xml:40:13-70
198            android:authorities="com.main.FacebookInitProvider"
198-->[com.facebook.android:facebook-core:8.2.0] AndroidManifest.xml:41:13-72
199            android:exported="false" />
199-->[com.facebook.android:facebook-core:8.2.0] AndroidManifest.xml:42:13-37
200
201        <receiver
201-->[com.facebook.android:facebook-core:8.2.0] AndroidManifest.xml:44:9-50:20
202            android:name="com.facebook.CurrentAccessTokenExpirationBroadcastReceiver"
202-->[com.facebook.android:facebook-core:8.2.0] AndroidManifest.xml:45:13-86
203            android:exported="false" >
203-->[com.facebook.android:facebook-core:8.2.0] AndroidManifest.xml:46:13-37
204            <intent-filter>
204-->[com.facebook.android:facebook-core:8.2.0] AndroidManifest.xml:47:13-49:29
205                <action android:name="com.facebook.sdk.ACTION_CURRENT_ACCESS_TOKEN_CHANGED" />
205-->[com.facebook.android:facebook-core:8.2.0] AndroidManifest.xml:48:17-95
205-->[com.facebook.android:facebook-core:8.2.0] AndroidManifest.xml:48:25-92
206            </intent-filter>
207        </receiver>
208
209        <activity
209-->[com.google.android.gms:play-services-auth:19.0.0] AndroidManifest.xml:23:9-27:75
210            android:name="com.google.android.gms.auth.api.signin.internal.SignInHubActivity"
210-->[com.google.android.gms:play-services-auth:19.0.0] AndroidManifest.xml:24:13-93
211            android:excludeFromRecents="true"
211-->[com.google.android.gms:play-services-auth:19.0.0] AndroidManifest.xml:25:13-46
212            android:exported="false"
212-->[com.google.android.gms:play-services-auth:19.0.0] AndroidManifest.xml:26:13-37
213            android:theme="@android:style/Theme.Translucent.NoTitleBar" />
213-->[com.google.android.gms:play-services-auth:19.0.0] AndroidManifest.xml:27:13-72
214        <!--
215            Service handling Google Sign-In user revocation. For apps that do not integrate with
216            Google Sign-In, this service will never be started.
217        -->
218        <service
218-->[com.google.android.gms:play-services-auth:19.0.0] AndroidManifest.xml:33:9-37:51
219            android:name="com.google.android.gms.auth.api.signin.RevocationBoundService"
219-->[com.google.android.gms:play-services-auth:19.0.0] AndroidManifest.xml:34:13-89
220            android:exported="true"
220-->[com.google.android.gms:play-services-auth:19.0.0] AndroidManifest.xml:35:13-36
221            android:permission="com.google.android.gms.auth.api.signin.permission.REVOCATION_NOTIFICATION"
221-->[com.google.android.gms:play-services-auth:19.0.0] AndroidManifest.xml:36:13-107
222            android:visibleToInstantApps="true" />
222-->[com.google.android.gms:play-services-auth:19.0.0] AndroidManifest.xml:37:13-48
223
224        <activity
224-->[com.google.android.gms:play-services-base:17.1.0] AndroidManifest.xml:23:9-26:75
225            android:name="com.google.android.gms.common.api.GoogleApiActivity"
225-->[com.google.android.gms:play-services-base:17.1.0] AndroidManifest.xml:24:13-79
226            android:exported="false"
226-->[com.google.android.gms:play-services-base:17.1.0] AndroidManifest.xml:25:13-37
227            android:theme="@android:style/Theme.Translucent.NoTitleBar" />
227-->[com.google.android.gms:play-services-base:17.1.0] AndroidManifest.xml:26:13-72
228
229        <receiver
229-->[com.google.android.gms:play-services-measurement:18.0.2] AndroidManifest.xml:29:9-33:20
230            android:name="com.google.android.gms.measurement.AppMeasurementReceiver"
230-->[com.google.android.gms:play-services-measurement:18.0.2] AndroidManifest.xml:30:13-85
231            android:enabled="true"
231-->[com.google.android.gms:play-services-measurement:18.0.2] AndroidManifest.xml:31:13-35
232            android:exported="false" >
232-->[com.google.android.gms:play-services-measurement:18.0.2] AndroidManifest.xml:32:13-37
233        </receiver>
234
235        <service
235-->[com.google.android.gms:play-services-measurement:18.0.2] AndroidManifest.xml:35:9-38:40
236            android:name="com.google.android.gms.measurement.AppMeasurementService"
236-->[com.google.android.gms:play-services-measurement:18.0.2] AndroidManifest.xml:36:13-84
237            android:enabled="true"
237-->[com.google.android.gms:play-services-measurement:18.0.2] AndroidManifest.xml:37:13-35
238            android:exported="false" />
238-->[com.google.android.gms:play-services-measurement:18.0.2] AndroidManifest.xml:38:13-37
239        <service
239-->[com.google.android.gms:play-services-measurement:18.0.2] AndroidManifest.xml:39:9-43:72
240            android:name="com.google.android.gms.measurement.AppMeasurementJobService"
240-->[com.google.android.gms:play-services-measurement:18.0.2] AndroidManifest.xml:40:13-87
241            android:enabled="true"
241-->[com.google.android.gms:play-services-measurement:18.0.2] AndroidManifest.xml:41:13-35
242            android:exported="false"
242-->[com.google.android.gms:play-services-measurement:18.0.2] AndroidManifest.xml:42:13-37
243            android:permission="android.permission.BIND_JOB_SERVICE" />
243-->[com.google.android.gms:play-services-measurement:18.0.2] AndroidManifest.xml:43:13-69
244
245        <meta-data
245-->[com.google.android.gms:play-services-basement:17.1.1] AndroidManifest.xml:23:9-25:69
246            android:name="com.google.android.gms.version"
246-->[com.google.android.gms:play-services-basement:17.1.1] AndroidManifest.xml:24:13-58
247            android:value="@integer/google_play_services_version" />
247-->[com.google.android.gms:play-services-basement:17.1.1] AndroidManifest.xml:25:13-66
248    </application>
249
250</manifest>